<?xml version="1.0" encoding="UTF-8"?>
<!-- Generated by org.testng.reporters.JUnitXMLReporter -->
<testsuite hostname="JINWX-PC" ignored="6" name="Default test" tests="2" failures="0" timestamp="06 六月 2018 11:44:19 GMT" time="4.42" errors="0">
  <testcase name="dmaAllHPCheck" time="0.006" classname="com.test.suit.discover.InfoSummaryTests"/>
  <testcase name="dmaAllHeaders" time="0.002" classname="com.test.suit.discover.InfoSummaryTests"/>
  <testcase name="rbmeterCount" time="0.0" classname="com.test.suit.discover.InfoSummaryTests">
    <ignored/>
  </testcase> <!-- rbmeterCount -->
  <testcase name="noareaCount" time="0.0" classname="com.test.suit.discover.InfoSummaryTests">
    <ignored/>
  </testcase> <!-- noareaCount -->
  <testcase name="rmmeterCount" time="0.0" classname="com.test.suit.discover.InfoSummaryTests">
    <ignored/>
  </testcase> <!-- rmmeterCount -->
  <testcase name="rbalarm_Count" time="0.0" classname="com.test.suit.discover.InfoSummaryTests">
    <ignored/>
  </testcase> <!-- rbalarm_Count -->
  <testcase name="rmalarm_Count" time="0.0" classname="com.test.suit.discover.InfoSummaryTests">
    <ignored/>
  </testcase> <!-- rmalarm_Count -->
  <testcase name="dmaAllHP_SITE_Check" time="0.0" classname="com.test.suit.discover.InfoSummaryTests">
    <ignored/>
  </testcase> <!-- dmaAllHP_SITE_Check -->
</testsuite> <!-- Default test -->
