<?xml version="1.0" encoding="UTF-8"?>
<testng-results skipped="0" failed="0" ignored="0" total="2" passed="2">
  <reporter-output>
  </reporter-output>
  <suite name="Default suite" duration-ms="7245" started-at="2018-06-07T11:50:15Z" finished-at="2018-06-07T11:50:22Z">
    <groups>
    </groups>
    <test name="Default test" duration-ms="7245" started-at="2018-06-07T11:50:15Z" finished-at="2018-06-07T11:50:22Z">
      <class name="com.test.suit.discover.DeviceList_RmeterTests">
        <test-method status="PASS" signature="beforeTest()[pri:0, instance:com.test.suit.discover.DeviceList_RmeterTests@39aeed2f]" name="beforeTest" is-config="true" duration-ms="7221" started-at="2018-06-07T11:50:15Z" finished-at="2018-06-07T11:50:22Z">
          <reporter-output>
          </reporter-output>
        </test-method> <!-- beforeTest -->
        <test-method status="PASS" signature="emList()[pri:0, instance:com.test.suit.discover.DeviceList_RmeterTests@39aeed2f]" name="emList" duration-ms="5" started-at="2018-06-07T11:50:22Z" finished-at="2018-06-07T11:50:22Z">
          <reporter-output>
          </reporter-output>
        </test-method> <!-- emList -->
        <test-method status="PASS" signature="rmList()[pri:0, instance:com.test.suit.discover.DeviceList_RmeterTests@39aeed2f]" name="rmList" duration-ms="2" started-at="2018-06-07T11:50:22Z" finished-at="2018-06-07T11:50:22Z">
          <reporter-output>
          </reporter-output>
        </test-method> <!-- rmList -->
      </class> <!-- com.test.suit.discover.DeviceList_RmeterTests -->
    </test> <!-- Default test -->
  </suite> <!-- Default suite -->
</testng-results>
