<?xml version="1.0" encoding="UTF-8"?>
<testng-results skipped="0" failed="0" ignored="6" total="8" passed="2">
  <reporter-output>
  </reporter-output>
  <suite name="Default suite" duration-ms="4420" started-at="2018-06-06T11:44:14Z" finished-at="2018-06-06T11:44:19Z">
    <groups>
    </groups>
    <test name="Default test" duration-ms="4420" started-at="2018-06-06T11:44:14Z" finished-at="2018-06-06T11:44:19Z">
      <class name="com.test.suit.discover.InfoSummaryTests">
        <test-method status="PASS" signature="declare()[pri:0, instance:com.test.suit.discover.InfoSummaryTests@24fcf36f]" name="declare" is-config="true" duration-ms="4396" started-at="2018-06-06T11:44:14Z" finished-at="2018-06-06T11:44:19Z">
          <reporter-output>
          </reporter-output>
        </test-method> <!-- declare -->
        <test-method status="PASS" signature="dmaAllHPCheck()[pri:0, instance:com.test.suit.discover.InfoSummaryTests@24fcf36f]" name="dmaAllHPCheck" duration-ms="6" started-at="2018-06-06T11:44:19Z" finished-at="2018-06-06T11:44:19Z">
          <reporter-output>
          </reporter-output>
        </test-method> <!-- dmaAllHPCheck -->
        <test-method status="PASS" signature="dmaAllHeaders()[pri:0, instance:com.test.suit.discover.InfoSummaryTests@24fcf36f]" name="dmaAllHeaders" duration-ms="2" started-at="2018-06-06T11:44:19Z" finished-at="2018-06-06T11:44:19Z">
          <reporter-output>
          </reporter-output>
        </test-method> <!-- dmaAllHeaders -->
      </class> <!-- com.test.suit.discover.InfoSummaryTests -->
    </test> <!-- Default test -->
  </suite> <!-- Default suite -->
</testng-results>
